app/build/intermediates/manifest_merge_blame_file/debug/manifest-merger-blame-debug-report.txt
1<?xml version="1.0" encoding="utf-8"?>
2<manifest xmlns:android="http://schemas.android.com/apk/res/android"
3    package="com.wifidirect.app"
4    android:versionCode="1"
5    android:versionName="1.0" >
6
7    <uses-sdk
8        android:minSdkVersion="21"
9        android:targetSdkVersion="34" />
10
11    <uses-feature android:name="android.hardware.wifi.direct" />
11-->src/main/AndroidManifest.xml:3:5-65
11-->src/main/AndroidManifest.xml:3:19-62
12
13    <uses-permission android:name="android.permission.ACCESS_WIFI_STATE" />
13-->src/main/AndroidManifest.xml:4:5-76
13-->src/main/AndroidManifest.xml:4:22-73
14    <uses-permission android:name="android.permission.CHANGE_WIFI_STATE" />
14-->src/main/AndroidManifest.xml:5:5-76
14-->src/main/AndroidManifest.xml:5:22-73
15    <uses-permission android:name="android.permission.ACCESS_FINE_LOCATION" />
15-->src/main/AndroidManifest.xml:6:5-79
15-->src/main/AndroidManifest.xml:6:22-76
16    <uses-permission android:name="android.permission.ACCESS_COARSE_LOCATION" />
16-->src/main/AndroidManifest.xml:7:5-81
16-->src/main/AndroidManifest.xml:7:22-78
17    <uses-permission android:name="android.permission.NEARBY_WIFI_DEVICES" />
17-->src/main/AndroidManifest.xml:8:5-78
17-->src/main/AndroidManifest.xml:8:22-75
18    <uses-permission android:name="android.permission.LOCAL_MAC_ADDRESS" />
18-->src/main/AndroidManifest.xml:9:5-76
18-->src/main/AndroidManifest.xml:9:22-73
19    <uses-permission android:name="android.permission.INTERNET" />
19-->src/main/AndroidManifest.xml:10:5-66
19-->src/main/AndroidManifest.xml:10:22-64
20    <!-- storage permission -->
21    <uses-permission android:name="android.permission.READ_EXTERNAL_STORAGE" />
21-->src/main/AndroidManifest.xml:12:5-79
21-->src/main/AndroidManifest.xml:12:22-77
22    <uses-permission android:name="android.permission.WRITE_EXTERNAL_STORAGE" />
22-->src/main/AndroidManifest.xml:13:5-80
22-->src/main/AndroidManifest.xml:13:22-78
23    <uses-permission android:name="android.permission.READ_MEDIA_IMAGES" />
23-->src/main/AndroidManifest.xml:14:5-75
23-->src/main/AndroidManifest.xml:14:22-73
24    <uses-permission android:name="android.permission.READ_MEDIA_VIDEO" />
24-->src/main/AndroidManifest.xml:15:5-74
24-->src/main/AndroidManifest.xml:15:22-72
25    <uses-permission android:name="android.permission.READ_MEDIA_AUDIO" />
25-->src/main/AndroidManifest.xml:16:5-74
25-->src/main/AndroidManifest.xml:16:22-72
26
27    <application
27-->src/main/AndroidManifest.xml:18:5-34:19
28        android:debuggable="true"
29        android:extractNativeLibs="true"
30        android:label="WifiDirectTestApp"
30-->src/main/AndroidManifest.xml:20:9-42
31        android:usesCleartextTraffic="true" >
31-->src/main/AndroidManifest.xml:19:9-44
32
33        <!-- Broadcast receiver -->
34        <receiver
34-->src/main/AndroidManifest.xml:23:9-25:40
35            android:name="com.wifidirect.app.WiFiDirectBroadcastReceiver"
35-->src/main/AndroidManifest.xml:24:13-56
36            android:exported="false" />
36-->src/main/AndroidManifest.xml:25:13-37
37
38        <activity
38-->src/main/AndroidManifest.xml:26:9-33:20
39            android:name="com.wifidirect.app.MainActivity"
39-->src/main/AndroidManifest.xml:27:13-41
40            android:exported="true" >
40-->src/main/AndroidManifest.xml:28:13-36
41            <intent-filter>
41-->src/main/AndroidManifest.xml:29:13-32:29
42                <action android:name="android.intent.action.MAIN" />
42-->src/main/AndroidManifest.xml:30:17-68
42-->src/main/AndroidManifest.xml:30:25-66
43
44                <category android:name="android.intent.category.LAUNCHER" />
44-->src/main/AndroidManifest.xml:31:17-76
44-->src/main/AndroidManifest.xml:31:27-74
45            </intent-filter>
46        </activity>
47    </application>
48
49</manifest>